[0m15:26:47.708735 [debug] [MainThread]: Sending event: {'category': 'dbt', 'action': 'invocation', 'label': 'start', 'context': [<snowplow_tracker.self_describing_json.SelfDescribingJson object at 0x108202ed0>, <snowplow_tracker.self_describing_json.SelfDescribingJson object at 0x10978b350>, <snowplow_tracker.self_describing_json.SelfDescribingJson object at 0x10978af90>]}


============================== 15:26:47.739098 | e3275180-99cc-48c2-8a7f-b97d4c0d2fec ==============================
[0m15:26:47.739098 [info ] [MainThread]: Running with dbt=1.10.13
[0m15:26:47.739559 [debug] [MainThread]: running dbt with arguments {'quiet': 'False', 'warn_error_options': 'WarnErrorOptionsV2(error=[], warn=[], silence=[])', 'fail_fast': 'False', 'write_json': 'True', 'partial_parse': 'True', 'empty': 'None', 'use_experimental_parser': 'False', 'warn_error': 'None', 'version_check': 'True', 'target_path': 'None', 'introspect': 'True', 'log_path': 'logs', 'send_anonymous_usage_stats': 'True', 'no_print': 'None', 'profiles_dir': '/Users/pete/.dbt', 'log_cache_events': 'False', 'printer_width': '80', 'invocation_command': 'dbt init job_ads_dbt', 'indirect_selection': 'eager', 'use_colors': 'True', 'static_parser': 'True', 'log_format': 'default', 'cache_selected_only': 'False', 'debug': 'False'}
[0m15:26:47.749356 [info ] [MainThread]: Creating dbt configuration folder at /Users/pete/.dbt
[0m15:26:47.750394 [debug] [MainThread]: Starter project path: /Users/pete/Desktop/DataFlow/.venv/lib/python3.12/site-packages/dbt/include/starter_project
[0m15:26:47.754275 [info ] [MainThread]: 
Your new dbt project "job_ads_dbt" was created!

For more information on how to configure the profiles.yml file,
please consult the dbt documentation here:

  https://docs.getdbt.com/docs/configure-your-profile

One more thing:

Need help? Don't hesitate to reach out to us via GitHub issues or on Slack:

  https://community.getdbt.com/

Happy modeling!

[0m15:26:47.754567 [info ] [MainThread]: Setting up your profile.
[0m15:36:03.441619 [info ] [MainThread]: Profile job_ads_dbt written to /Users/pete/.dbt/profiles.yml using target's sample configuration. Once updated, you'll be able to start developing with dbt.
[0m15:36:03.640663 [debug] [MainThread]: Resource report: {"command_name": "init", "command_success": true, "command_wall_clock_time": 555.99805, "process_in_blocks": "0", "process_kernel_time": 0.208499, "process_mem_max_rss": "143196160", "process_out_blocks": "0", "process_user_time": 1.219835}
[0m15:36:03.641867 [debug] [MainThread]: Command `dbt init` succeeded at 15:36:03.641681 after 556.00 seconds
[0m15:36:03.642528 [debug] [MainThread]: Sending event: {'category': 'dbt', 'action': 'invocation', 'label': 'end', 'context': [<snowplow_tracker.self_describing_json.SelfDescribingJson object at 0x10978ac00>, <snowplow_tracker.self_describing_json.SelfDescribingJson object at 0x104dcec60>, <snowplow_tracker.self_describing_json.SelfDescribingJson object at 0x1097ea870>]}
[0m15:36:03.643248 [debug] [MainThread]: Flushing usage events
[0m15:36:04.186457 [debug] [MainThread]: An error was encountered while trying to flush usage events
